1601997341801	geckodriver	INFO	Listening on 127.0.0.1:50900
1601997344855	mozrunner::runner	INFO	Running command: "C:\\Program Files\\Mozilla Firefox\\firefox.exe" "--marionette" "-foreground" "-no-remote" "-profile" "C:\\Users\\JUANCA~1\\AppData\\Local\\Temp\\rust_mozprofileHPgqCK"
JavaScript error: resource://gre/modules/XULStore.jsm, line 66: Error: Can't find profile directory.
console.error: SearchCache: "_readCacheFile: Error reading cache file:" (new Error("", "(unknown module)"))
1601997348256	Marionette	INFO	Listening on port 50909
1601997348478	Marionette	WARN	TLS certificate errors will be ignored for this session
1601998435464	Marionette	INFO	Stopped listening on port 50909

###!!! [Child][MessageChannel::SendAndWait] Error: Channel error: cannot send/recv

firefox.exe" "--marionette" "-foreground" "-no-remote" "-profile" "C:\\Users\\JUANCA~1\\AppData\\Local\\Temp\\rust_mozprofiletenCWz"
JavaScript error: resource://gre/modules/XULStore.jsm, line 66: Error: Can't find profile directory.
console.error: SearchCache: "_readCacheFile: Error reading cache file:" (new Error("", "(unknown module)"))
1601998075502	Marionette	INFO	Listening on port 51434
1601998075561	Marionette	WARN	TLS certificate errors will be ignored for this session
1601998435477	Marionette	INFO	Stopped listening on port 51434

###!!! [Child][MessageChannel::SendAndWait] Error: Channel error: cannot send/recv

firefox.exe" "--marionette" "-foreground" "-no-remote" "-profile" "C:\\Users\\JUANCA~1\\AppData\\Local\\Temp\\rust_mozprofileMqimQW"
JavaScript error: resource://gre/modules/XULStore.jsm, line 66: Error: Can't find profile directory.
console.error: SearchCache: "_readCacheFile: Error reading cache file:" (new Error("", "(unknown module)"))
1601998092141	Marionette	INFO	Listening on port 51515
1601998092305	Marionette	WARN	TLS certificate errors will be ignored for this session
1601998435449	Marionette	INFO	Stopped listening on port 51515

###!!! [Child][MessageChannel::SendAndWait] Error: Channel error: cannot send/recv

firefox.exe" "--marionette" "-foreground" "-no-remote" "-profile" "C:\\Users\\JUANCA~1\\AppData\\Local\\Temp\\rust_mozprofileIafQpO"
JavaScript error: resource://gre/modules/XULStore.jsm, line 66: Error: Can't find profile directory.
console.error: SearchCache: "_readCacheFile: Error reading cache file:" (new Error("", "(unknown module)"))
1601998233031	Marionette	INFO	Listening on port 51667
1601998233229	Marionette	WARN	TLS certificate errors will be ignored for this session
1601998435467	Marionette	INFO	Stopped listening on port 51667

###!!! [Child][MessageChannel::SendAndWait] Error: Channel error: cannot send/recv

firefox.exe" "--marionette" "-foreground" "-no-remote" "-profile" "C:\\Users\\JUANCA~1\\AppData\\Local\\Temp\\rust_mozprofileO1Zuq9"
JavaScript error: resource://gre/modules/XULStore.jsm, line 66: Error: Can't find profile directory.
console.error: SearchCache: "_readCacheFile: Error reading cache file:" (new Error("", "(unknown module)"))
1601998293695	Marionette	INFO	Listening on port 51765
1601998293837	Marionette	WARN	TLS certificate errors will be ignored for this session
1601998435458	Marionette	INFO	Stopped listening on port 51765

###!!! [Child][MessageChannel::SendAndWait] Error: Channel error: cannot send/recv

firefox.exe" "--marionette" "-foreground" "-no-remote" "-profile" "C:\\Users\\JUANCA~1\\AppData\\Local\\Temp\\rust_mozprofilewjUWv6"
JavaScript error: resource://gre/modules/XULStore.jsm, line 66: Error: Can't find profile directory.
console.error: SearchCache: "_readCacheFile: Error reading cache file:" (new Error("", "(unknown module)"))
1601998415341	Marionette	INFO	Listening on port 51900
1601998415839	Marionette	WARN	TLS certificate errors will be ignored for this session
1601998435523	Marionette	INFO	Stopped listening on port 51900

###!!! [Child][RunMessage] Error: Channel closing: too late to send/recv, messages will be lost


###!!! [Child][MessageChannel::SendAndWait] Error: Channel error: cannot send/recv

